This is XeTeX, Version 3.141592653-2.6-0.999996 (TeX Live 2024) (preloaded format=xelatex 2024.9.18)  30 NOV 2024 11:29
entering extended mode
 restricted \write18 enabled.
 %&-line parsing enabled.
**main.tex
(./main.tex
LaTeX2e <2023-11-01> patch level 1
L3 programming layer <2024-02-20>
(./preamble.tex
(/usr/local/texlive/2024basic/texmf-dist/tex/latex/tufte-latex/tufte-book.cls
Document Class: tufte-book 2015/06/21 v3.5.2 Tufte-book class

(/usr/local/texlive/2024basic/texmf-dist/tex/latex/tufte-latex/tufte-common.def
File: tufte-common.def 2015/06/21 v3.5.2 Common code for the Tufte-LaTeX styles

(/usr/local/texlive/2024basic/texmf-dist/tex/latex/xkeyval/xkeyval.sty
Package: xkeyval 2022/06/16 v2.9 package option processing (HA)

(/usr/local/texlive/2024basic/texmf-dist/tex/generic/xkeyval/xkeyval.tex
(/usr/local/texlive/2024basic/texmf-dist/tex/generic/xkeyval/xkvutils.tex
\XKV@toks=\toks17
\XKV@tempa@toks=\toks18

(/usr/local/texlive/2024basic/texmf-dist/tex/generic/xkeyval/keyval.tex))
\XKV@depth=\count184
File: xkeyval.tex 2014/12/03 v2.7a key=value parser (HA)
))
(/usr/local/texlive/2024basic/texmf-dist/tex/latex/xifthen/xifthen.sty
Package: xifthen 2015/11/05 v1.4.0 Extended ifthen features

(/usr/local/texlive/2024basic/texmf-dist/tex/latex/tools/calc.sty
Package: calc 2023/07/08 v4.3 Infix arithmetic (KKT,FJ)
\calc@Acount=\count185
\calc@Bcount=\count186
\calc@Adimen=\dimen140
\calc@Bdimen=\dimen141
\calc@Askip=\skip48
\calc@Bskip=\skip49
LaTeX Info: Redefining \setlength on input line 80.
LaTeX Info: Redefining \addtolength on input line 81.
\calc@Ccount=\count187
\calc@Cskip=\skip50
)
(/usr/local/texlive/2024basic/texmf-dist/tex/latex/base/ifthen.sty
Package: ifthen 2022/04/13 v1.1d Standard LaTeX ifthen package (DPC)
)
(/usr/local/texlive/2024basic/texmf-dist/tex/latex/ifmtarg/ifmtarg.sty
Package: ifmtarg 2018/04/16 v1.2b check for an empty argument
))
(/usr/local/texlive/2024basic/texmf-dist/tex/latex/hardwrap/hardwrap.sty
Package: hardwrap 2011/02/12 v0.2 Hard wrap messages

(/usr/local/texlive/2024basic/texmf-dist/tex/latex/ifplatform/ifplatform.sty
Package: ifplatform 2017/10/13 v0.4a Testing for the operating system

(/usr/local/texlive/2024basic/texmf-dist/tex/latex/tools/shellesc.sty
Package: shellesc 2023/07/08 v1.0d unified shell escape interface for LaTeX
Package shellesc Info: Restricted shell escape enabled on input line 77.
)
(/usr/local/texlive/2024basic/texmf-dist/tex/generic/pdftexcmds/pdftexcmds.sty
Package: pdftexcmds 2020-06-27 v0.33 Utility functions of pdfTeX for LuaTeX (HO
)

(/usr/local/texlive/2024basic/texmf-dist/tex/generic/infwarerr/infwarerr.sty
Package: infwarerr 2019/12/03 v1.5 Providing info/warning/error messages (HO)
)
(/usr/local/texlive/2024basic/texmf-dist/tex/generic/iftex/iftex.sty
Package: iftex 2022/02/03 v1.0f TeX engine tests
)
(/usr/local/texlive/2024basic/texmf-dist/tex/generic/ltxcmds/ltxcmds.sty
Package: ltxcmds 2023-12-04 v1.26 LaTeX kernel commands for general use (HO)
)
Package pdftexcmds Info: \pdf@primitive is available.
Package pdftexcmds Info: \pdf@ifprimitive is available.
Package pdftexcmds Info: \pdfdraftmode not found.
)
(/usr/local/texlive/2024basic/texmf-dist/tex/generic/catchfile/catchfile.sty
Package: catchfile 2019/12/09 v1.8 Catch the contents of a file (HO)

(/usr/local/texlive/2024basic/texmf-dist/tex/generic/etexcmds/etexcmds.sty
Package: etexcmds 2019/12/15 v1.7 Avoid name clashes with e-TeX commands (HO)
))
(/usr/local/texlive/2024basic/texmf-dist/tex/generic/iftex/ifluatex.sty
Package: ifluatex 2019/10/25 v1.5 ifluatex legacy package. Use iftex instead.
)

Package ifplatform Warning: 
    shell escape is disabled, so I can only detect \ifwindows.

) (/usr/local/texlive/2024basic/texmf-dist/tex/generic/iftex/ifxetex.sty
Package: ifxetex 2019/10/25 v0.7 ifxetex legacy package. Use iftex instead.
)
\hw@charcount=\count188
\hw@wordcount=\count189
\hw@maxprintline=\count190
)
Class tufte-book Info: Passing the `twoside' option to the `book' class
Class tufte-book Info: Passing paperwidth=8.5in to the `book' class.
Class tufte-book Info: Passing paperheight=11in to the `book' class.
Class tufte-book Info: Passing inner=1in to the `book' class.
Class tufte-book Info: Passing outer=1in to the `book' class.
Class tufte-book Info: Passing top=1in to the `book' class.
Class tufte-book Info: Passing bottom=1in to the `book' class.
Class tufte-book Info: Passing marginparwidth=1.75in to the `book' class.
Class tufte-book Info: Passing marginparsep=0.1in to the `book' class.
Class tufte-book Info: Loading the base class `book'

(/usr/local/texlive/2024basic/texmf-dist/tex/latex/base/book.cls
Document Class: book 2023/05/17 v1.4n Standard LaTeX document class
(/usr/local/texlive/2024basic/texmf-dist/tex/latex/base/bk10.clo
File: bk10.clo 2023/05/17 v1.4n Standard LaTeX file (size option)
)
\c@part=\count191
\c@chapter=\count192
\c@section=\count193
\c@subsection=\count194
\c@subsubsection=\count195
\c@paragraph=\count196
\c@subparagraph=\count197
\c@figure=\count198
\c@table=\count199
\abovecaptionskip=\skip51
\belowcaptionskip=\skip52
\bibindent=\dimen142
)
(/usr/local/texlive/2024basic/texmf-dist/tex/generic/iftex/ifpdf.sty
Package: ifpdf 2019/10/25 v3.4 ifpdf legacy package. Use iftex instead.
)
(/usr/local/texlive/2024basic/texmf-dist/tex/xelatex/xltxtra/xltxtra.sty
Package: xltxtra 2018/12/31 v0.7 Improvements for the "XeLaTeX" format

(/usr/local/texlive/2024basic/texmf-dist/tex/latex/fontspec/fontspec.sty
(/usr/local/texlive/2024basic/texmf-dist/tex/latex/l3packages/xparse/xparse.sty
(/usr/local/texlive/2024basic/texmf-dist/tex/latex/l3kernel/expl3.sty
Package: expl3 2024-02-20 L3 programming layer (loader) 

(/usr/local/texlive/2024basic/texmf-dist/tex/latex/l3backend/l3backend-xetex.de
f
File: l3backend-xetex.def 2024-02-20 L3 backend support: XeTeX
\g__graphics_track_int=\count266
\l__pdf_internal_box=\box51
\g__pdf_backend_object_int=\count267
\g__pdf_backend_annotation_int=\count268
\g__pdf_backend_link_int=\count269
))
Package: xparse 2024-02-18 L3 Experimental document command parser
)
Package: fontspec 2024/02/13 v2.9a Font selection for XeLaTeX and LuaLaTeX

(/usr/local/texlive/2024basic/texmf-dist/tex/latex/fontspec/fontspec-xetex.sty
Package: fontspec-xetex 2024/02/13 v2.9a Font selection for XeLaTeX and LuaLaTe
X
\l__fontspec_script_int=\count270
\l__fontspec_language_int=\count271
\l__fontspec_strnum_int=\count272
\l__fontspec_tmp_int=\count273
\l__fontspec_tmpa_int=\count274
\l__fontspec_tmpb_int=\count275
\l__fontspec_tmpc_int=\count276
\l__fontspec_em_int=\count277
\l__fontspec_emdef_int=\count278
\l__fontspec_strong_int=\count279
\l__fontspec_strongdef_int=\count280
\l__fontspec_tmpa_dim=\dimen143
\l__fontspec_tmpb_dim=\dimen144
\l__fontspec_tmpc_dim=\dimen145

(/usr/local/texlive/2024basic/texmf-dist/tex/latex/base/fontenc.sty
Package: fontenc 2021/04/29 v2.0v Standard LaTeX package
)
(/usr/local/texlive/2024basic/texmf-dist/tex/latex/fontspec/fontspec.cfg)))
(/usr/local/texlive/2024basic/texmf-dist/tex/latex/realscripts/realscripts.sty
Package: realscripts 2016/02/13 v0.3d Access OpenType subscripts and superscrip
ts
\subsupersep=\dimen146
) (/usr/local/texlive/2024basic/texmf-dist/tex/latex/metalogo/metalogo.sty
Package: metalogo 2010/05/29 v0.12 Extended TeX logo macros

(/usr/local/texlive/2024basic/texmf-dist/tex/latex/graphics/graphicx.sty
Package: graphicx 2021/09/16 v1.2d Enhanced LaTeX Graphics (DPC,SPQR)

(/usr/local/texlive/2024basic/texmf-dist/tex/latex/graphics/graphics.sty
Package: graphics 2022/03/10 v1.4e Standard LaTeX Graphics (DPC,SPQR)

(/usr/local/texlive/2024basic/texmf-dist/tex/latex/graphics/trig.sty
Package: trig 2021/08/11 v1.11 sin cos tan (DPC)
)
(/usr/local/texlive/2024basic/texmf-dist/tex/latex/graphics-cfg/graphics.cfg
File: graphics.cfg 2016/06/04 v1.11 sample graphics configuration
)
Package graphics Info: Driver file: xetex.def on input line 107.

(/usr/local/texlive/2024basic/texmf-dist/tex/latex/graphics-def/xetex.def
File: xetex.def 2022/09/22 v5.0n Graphics/color driver for xetex
))
\Gin@req@height=\dimen147
\Gin@req@width=\dimen148
)
\xl@everylogo=\toks19
\xl@@everylogo=\toks20
LaTeX Info: Redefining \TeX on input line 193.
LaTeX Info: Redefining \LaTeX on input line 202.
LaTeX Info: Redefining \LaTeXe on input line 219.
)
\l__xetex_show_hyphens_wrapping_box=\box52
\l__xetex_show_hyphens_temp_box=\box53
\l__xetex_show_hyphens_final_box=\box54
\g__xetex_show_hyphens_word_box=\box55
)
(/usr/local/texlive/2024basic/texmf-dist/tex/latex/titlesec/titlesec.sty
Package: titlesec 2023/10/27 v2.16 Sectioning titles
\ttl@box=\box56
\beforetitleunit=\skip53
\aftertitleunit=\skip54
\ttl@plus=\dimen149
\ttl@minus=\dimen150
\ttl@toksa=\toks21
\titlewidth=\dimen151
\titlewidthlast=\dimen152
\titlewidthfirst=\dimen153
)
(/usr/local/texlive/2024basic/texmf-dist/tex/latex/titlesec/titletoc.sty
Package: titletoc 2023/10/27 v2.16 TOC entries
\ttl@leftsep=\dimen154
)
(/usr/local/texlive/2024basic/texmf-dist/tex/latex/hyperref/hyperref.sty
Package: hyperref 2024-01-20 v7.01h Hypertext links for LaTeX

(/usr/local/texlive/2024basic/texmf-dist/tex/latex/kvsetkeys/kvsetkeys.sty
Package: kvsetkeys 2022-10-05 v1.19 Key value parser (HO)
)
(/usr/local/texlive/2024basic/texmf-dist/tex/generic/kvdefinekeys/kvdefinekeys.
sty
Package: kvdefinekeys 2019-12-19 v1.6 Define keys (HO)
)
(/usr/local/texlive/2024basic/texmf-dist/tex/generic/pdfescape/pdfescape.sty
Package: pdfescape 2019/12/09 v1.15 Implements pdfTeX's escape features (HO)
)
(/usr/local/texlive/2024basic/texmf-dist/tex/latex/hycolor/hycolor.sty
Package: hycolor 2020-01-27 v1.10 Color options for hyperref/bookmark (HO)
)
(/usr/local/texlive/2024basic/texmf-dist/tex/latex/auxhook/auxhook.sty
Package: auxhook 2019-12-17 v1.6 Hooks for auxiliary files (HO)
)
(/usr/local/texlive/2024basic/texmf-dist/tex/latex/hyperref/nameref.sty
Package: nameref 2023-11-26 v2.56 Cross-referencing by name of section

(/usr/local/texlive/2024basic/texmf-dist/tex/latex/refcount/refcount.sty
Package: refcount 2019/12/15 v3.6 Data extraction from label references (HO)
)
(/usr/local/texlive/2024basic/texmf-dist/tex/generic/gettitlestring/gettitlestr
ing.sty
Package: gettitlestring 2019/12/15 v1.6 Cleanup title references (HO)

(/usr/local/texlive/2024basic/texmf-dist/tex/latex/kvoptions/kvoptions.sty
Package: kvoptions 2022-06-15 v3.15 Key value format for package options (HO)
))
\c@section@level=\count281
)
(/usr/local/texlive/2024basic/texmf-dist/tex/latex/etoolbox/etoolbox.sty
Package: etoolbox 2020/10/05 v2.5k e-TeX tools for LaTeX (JAW)
\etb@tempcnta=\count282
)
\@linkdim=\dimen155
\Hy@linkcounter=\count283
\Hy@pagecounter=\count284

(/usr/local/texlive/2024basic/texmf-dist/tex/latex/hyperref/pd1enc.def
File: pd1enc.def 2024-01-20 v7.01h Hyperref: PDFDocEncoding definition (HO)
)
(/usr/local/texlive/2024basic/texmf-dist/tex/generic/intcalc/intcalc.sty
Package: intcalc 2019/12/15 v1.3 Expandable calculations with integers (HO)
)
\Hy@SavedSpaceFactor=\count285

(/usr/local/texlive/2024basic/texmf-dist/tex/latex/hyperref/puenc.def
File: puenc.def 2024-01-20 v7.01h Hyperref: PDF Unicode definition (HO)
)
Package hyperref Info: Option `unicode' set `true' on input line 4062.
Package hyperref Info: Option `hyperfootnotes' set `false' on input line 4062.
Package hyperref Info: Hyper figures OFF on input line 4179.
Package hyperref Info: Link nesting OFF on input line 4184.
Package hyperref Info: Hyper index ON on input line 4187.
Package hyperref Info: Plain pages OFF on input line 4194.
Package hyperref Info: Backreferencing OFF on input line 4199.
Package hyperref Info: Implicit mode ON; LaTeX internals redefined.
Package hyperref Info: Bookmarks ON on input line 4446.
\c@Hy@tempcnt=\count286

(/usr/local/texlive/2024basic/texmf-dist/tex/latex/url/url.sty
\Urlmuskip=\muskip16
Package: url 2013/09/16  ver 3.4  Verb mode for urls, etc.
)
LaTeX Info: Redefining \url on input line 4784.
\XeTeXLinkMargin=\dimen156

(/usr/local/texlive/2024basic/texmf-dist/tex/generic/bitset/bitset.sty
Package: bitset 2019/12/09 v1.3 Handle bit-vector datatype (HO)

(/usr/local/texlive/2024basic/texmf-dist/tex/generic/bigintcalc/bigintcalc.sty
Package: bigintcalc 2019/12/15 v1.5 Expandable calculations on big integers (HO
)
))
\Fld@menulength=\count287
\Field@Width=\dimen157
\Fld@charsize=\dimen158
Package hyperref Info: Hyper figures OFF on input line 6063.
Package hyperref Info: Link nesting OFF on input line 6068.
Package hyperref Info: Hyper index ON on input line 6071.
Package hyperref Info: backreferencing OFF on input line 6078.
Package hyperref Info: Link coloring OFF on input line 6083.
Package hyperref Info: Link coloring with OCG OFF on input line 6088.
Package hyperref Info: PDF/A mode OFF on input line 6093.
 (/usr/local/texlive/2024basic/texmf-dist/tex/latex/base/atbegshi-ltx.sty
Package: atbegshi-ltx 2021/01/10 v1.0c Emulation of the original atbegshi
package with kernel methods
)
\Hy@abspage=\count288
\c@Item=\count289
)
Package hyperref Info: Driver: hxetex.

(/usr/local/texlive/2024basic/texmf-dist/tex/latex/hyperref/hxetex.def
File: hxetex.def 2024-01-20 v7.01h Hyperref driver for XeTeX

(/usr/local/texlive/2024basic/texmf-dist/tex/generic/stringenc/stringenc.sty
Package: stringenc 2019/11/29 v1.12 Convert strings between diff. encodings (HO
)
)
\pdfm@box=\box57
\c@Hy@AnnotLevel=\count290
\HyField@AnnotCount=\count291
\Fld@listcount=\count292
\c@bookmark@seq@number=\count293

(/usr/local/texlive/2024basic/texmf-dist/tex/latex/rerunfilecheck/rerunfilechec
k.sty
Package: rerunfilecheck 2022-07-10 v1.10 Rerun checks for auxiliary files (HO)
 (/usr/local/texlive/2024basic/texmf-dist/tex/latex/base/atveryend-ltx.sty
Package: atveryend-ltx 2020/08/19 v1.0a Emulation of the original atveryend pac
kage
with kernel methods
)
(/usr/local/texlive/2024basic/texmf-dist/tex/generic/uniquecounter/uniquecounte
r.sty
Package: uniquecounter 2019/12/15 v1.4 Provide unlimited unique counter (HO)
)
Package uniquecounter Info: New unique counter `rerunfilecheck' on input line 2
85.
)
\Hy@SectionHShift=\skip55
)
(/usr/local/texlive/2024basic/texmf-dist/tex/latex/ragged2e/ragged2e.sty
Package: ragged2e 2023/06/22 v3.6 ragged2e Package
\CenteringLeftskip=\skip56
\RaggedLeftLeftskip=\skip57
\RaggedRightLeftskip=\skip58
\CenteringRightskip=\skip59
\RaggedLeftRightskip=\skip60
\RaggedRightRightskip=\skip61
\CenteringParfillskip=\skip62
\RaggedLeftParfillskip=\skip63
\RaggedRightParfillskip=\skip64
\JustifyingParfillskip=\skip65
\CenteringParindent=\skip66
\RaggedLeftParindent=\skip67
\RaggedRightParindent=\skip68
\JustifyingParindent=\skip69
)
(/usr/local/texlive/2024basic/texmf-dist/tex/latex/geometry/geometry.sty
Package: geometry 2020/01/02 v5.9 Page Geometry

(/usr/local/texlive/2024basic/texmf-dist/tex/generic/iftex/ifvtex.sty
Package: ifvtex 2019/10/25 v1.7 ifvtex legacy package. Use iftex instead.
)
\Gm@cnth=\count294
\Gm@cntv=\count295
\c@Gm@tempcnt=\count296
\Gm@bindingoffset=\dimen159
\Gm@wd@mp=\dimen160
\Gm@odd@mp=\dimen161
\Gm@even@mp=\dimen162
\Gm@layoutwidth=\dimen163
\Gm@layoutheight=\dimen164
\Gm@layouthoffset=\dimen165
\Gm@layoutvoffset=\dimen166
\Gm@dimlist=\toks22
)
(/usr/local/texlive/2024basic/texmf-dist/tex/latex/changepage/changepage.sty
Package: changepage 2009/10/20 v1.0c check page and change page layout
\c@cp@cntr=\count297
\cp@tempcnt=\count298
)
\@tufte@overhang=\skip70
\@tufte@fullwidth=\skip71
\@tufte@caption@fill=\skip72

(/usr/local/texlive/2024basic/texmf-dist/tex/latex/paralist/paralist.sty
Package: paralist 2017/01/22 v2.7 Extended list environments
\pltopsep=\skip73
\plpartopsep=\skip74
\plitemsep=\skip75
\plparsep=\skip76
\pl@lab=\toks23
)
(/usr/local/texlive/2024basic/texmf-dist/tex/latex/textcase/textcase.sty
Package: textcase 2023/07/27 v1.04 Text only upper/lower case changing (DPC)
Package textcase Info: Defining Legacy names on input line 20.
)

Class tufte-book Warning: Couldn't locate `soul' package

(/usr/local/texlive/2024basic/texmf-dist/tex/latex/setspace/setspace.sty
Package: setspace 2022/12/04 v6.7b set line spacing
)
(/usr/local/texlive/2024basic/texmf-dist/tex/latex/xcolor/xcolor.sty
Package: xcolor 2023/11/15 v3.01 LaTeX color extensions (UK)

(/usr/local/texlive/2024basic/texmf-dist/tex/latex/graphics-cfg/color.cfg
File: color.cfg 2016/01/02 v1.6 sample color configuration
)

Package xcolor Warning: Package option `usenames' is obsolete and ignored on in
put line 266.

Package xcolor Info: Driver file: xetex.def on input line 274.
(/usr/local/texlive/2024basic/texmf-dist/tex/latex/graphics/mathcolor.ltx)
Package xcolor Info: Model `cmy' substituted by `cmy0' on input line 1350.
Package xcolor Info: Model `RGB' extended on input line 1366.
Package xcolor Info: Model `HTML' substituted by `rgb' on input line 1368.
Package xcolor Info: Model `Hsb' substituted by `hsb' on input line 1369.
Package xcolor Info: Model `tHsb' substituted by `hsb' on input line 1370.
Package xcolor Info: Model `HSB' substituted by `hsb' on input line 1371.
Package xcolor Info: Model `Gray' substituted by `gray' on input line 1372.
Package xcolor Info: Model `wave' substituted by `hsb' on input line 1373.
)
(/usr/local/texlive/2024basic/texmf-dist/tex/latex/graphics/dvipsnam.def
File: dvipsnam.def 2016/06/17 v3.0m Driver-dependent file (DPC,SPQR)
)
(/usr/local/texlive/2024basic/texmf-dist/tex/latex/xcolor/svgnam.def
File: svgnam.def 2023/11/15 v3.01 Predefined colors according to SVG 1.1 (UK)
)
(/usr/local/texlive/2024basic/texmf-dist/tex/latex/natbib/natbib.sty
Package: natbib 2010/09/13 8.31b (PWD, AO)
\bibhang=\skip77
\bibsep=\skip78
LaTeX Info: Redefining \cite on input line 694.
\c@NAT@ctr=\count299
)
(/usr/local/texlive/2024basic/texmf-dist/tex/latex/natbib/bibentry.sty
Package: bibentry 2007/10/30 1.5 (PWD)
)
No file main.bbl.
\c@@tufte@num@bibkeys=\count300
(/usr/local/texlive/2024basic/texmf-dist/tex/latex/sauerj/optparams.sty
Package: optparams 2004/08/14 v0.9 multiple optional parameters in macros
)
\@tufte@sidenote@vertical@offset=\skip79

(/usr/local/texlive/2024basic/texmf-dist/tex/latex/placeins/placeins.sty
Package: placeins 2005/04/18  v 2.2
)
\@tufte@margin@floatbox=\box58
\@tufte@figure@box=\box59
\@tufte@caption@box=\box60
\@tufte@caption@vertical@offset=\skip80
\@tufte@float@contents@width=\skip81

(/usr/local/texlive/2024basic/texmf-dist/tex/latex/fancyhdr/fancyhdr.sty
Package: fancyhdr 2022/11/09 v4.1 Extensive control of page headers and footers

\f@nch@headwidth=\skip82
\f@nch@O@elh=\skip83
\f@nch@O@erh=\skip84
\f@nch@O@olh=\skip85
\f@nch@O@orh=\skip86
\f@nch@O@elf=\skip87
\f@nch@O@erf=\skip88
\f@nch@O@olf=\skip89
\f@nch@O@orf=\skip90
)
\tufteskipamount=\skip91

(/usr/local/texlive/2024basic/texmf-dist/tex/latex/tools/multicol.sty
Package: multicol 2023/03/30 v1.9f multicolumn formatting (FMi)
\c@tracingmulticols=\count301
\mult@box=\box61
\multicol@leftmargin=\dimen167
\c@unbalance=\count302
\c@collectmore=\count303
\doublecol@number=\count304
\multicoltolerance=\count305
\multicolpretolerance=\count306
\full@width=\dimen168
\page@free=\dimen169
\premulticols=\dimen170
\postmulticols=\dimen171
\multicolsep=\skip92
\multicolbaselineskip=\skip93
\partial@page=\box62
\last@line=\box63
\mc@boxedresult=\box64
\maxbalancingoverflow=\dimen172
\mult@rightbox=\box65
\mult@grightbox=\box66
\mult@firstbox=\box67
\mult@gfirstbox=\box68
\@tempa=\box69
\@tempa=\box70
\@tempa=\box71
\@tempa=\box72
\@tempa=\box73
\@tempa=\box74
\@tempa=\box75
\@tempa=\box76
\@tempa=\box77
\@tempa=\box78
\@tempa=\box79
\@tempa=\box80
\@tempa=\box81
\@tempa=\box82
\@tempa=\box83
\@tempa=\box84
\@tempa=\box85
\@tempa=\box86
\@tempa=\box87
\@tempa=\box88
\@tempa=\box89
\@tempa=\box90
\@tempa=\box91
\@tempa=\box92
\@tempa=\box93
\@tempa=\box94
\@tempa=\box95
\@tempa=\box96
\@tempa=\box97
\@tempa=\box98
\@tempa=\box99
\@tempa=\box100
\@tempa=\box101
\@tempa=\box102
\@tempa=\box103
\@tempa=\box104
\c@minrows=\count307
\c@columnbadness=\count308
\c@finalcolumnbadness=\count309
\last@try=\dimen173
\multicolovershoot=\dimen174
\multicolundershoot=\dimen175
\mult@nat@firstbox=\box105
\colbreak@box=\box106
\mc@col@check@num=\count310
)))

Package fontspec Info: Font family 'EBGaramond(0)' created for font 'EB
(fontspec)             Garamond' with options [Ligatures=TeX,Path =
(fontspec)             ./fonts/,UprightFont = EBGaramond-Regular.ttf,BoldFont
(fontspec)             = EBGaramond-Bold.ttf,ItalicFont =
(fontspec)             EBGaramond-Italic.ttf,BoldItalicFont =
(fontspec)             EBGaramond-BoldItalic.ttf,UprightFeatures =
(fontspec)             {Ligatures=TeX},BoldFeatures =
(fontspec)             {Ligatures=TeX},ItalicFeatures =
(fontspec)             {Ligatures=TeX},BoldItalicFeatures = {Ligatures=TeX}].
(fontspec)              
(fontspec)              This font family consists of the following NFSS
(fontspec)             series/shapes:
(fontspec)              
(fontspec)             - 'normal' (m/n) with NFSS spec.:
(fontspec)             <->"[./fonts/EBGaramond-Regular.ttf]/OT:script=latn;lang
uage=dflt;mapping=tex-text;"
(fontspec)             - 'small caps'  (m/sc) with NFSS spec.:
(fontspec)             <->"[./fonts/EBGaramond-Regular.ttf]/OT:script=latn;lang
uage=dflt;+smcp;mapping=tex-text;"
(fontspec)             - 'bold' (b/n) with NFSS spec.:
(fontspec)             <->"[./fonts/EBGaramond-Bold.ttf]/OT:script=latn;languag
e=dflt;mapping=tex-text;"
(fontspec)             - 'bold small caps'  (b/sc) with NFSS spec.:
(fontspec)             <->"[./fonts/EBGaramond-Bold.ttf]/OT:script=latn;languag
e=dflt;+smcp;mapping=tex-text;"
(fontspec)             - 'italic' (m/it) with NFSS spec.:
(fontspec)             <->"[./fonts/EBGaramond-Italic.ttf]/OT:script=latn;langu
age=dflt;mapping=tex-text;"
(fontspec)             - 'italic small caps'  (m/scit) with NFSS spec.:
(fontspec)             <->"[./fonts/EBGaramond-Italic.ttf]/OT:script=latn;langu
age=dflt;+smcp;mapping=tex-text;"
(fontspec)             - 'bold italic' (b/it) with NFSS spec.:
(fontspec)             <->"[./fonts/EBGaramond-BoldItalic.ttf]/OT:script=latn;l
anguage=dflt;mapping=tex-text;"
(fontspec)             - 'bold italic small caps'  (b/scit) with NFSS spec.:
(fontspec)             <->"[./fonts/EBGaramond-BoldItalic.ttf]/OT:script=latn;l
anguage=dflt;+smcp;mapping=tex-text;"


(/usr/local/texlive/2024basic/texmf-dist/tex/latex/amsmath/amsmath.sty
Package: amsmath 2023/05/13 v2.17o AMS math features
\@mathmargin=\skip94

For additional information on amsmath, use the `?' option.
(/usr/local/texlive/2024basic/texmf-dist/tex/latex/amsmath/amstext.sty
Package: amstext 2021/08/26 v2.01 AMS text

(/usr/local/texlive/2024basic/texmf-dist/tex/latex/amsmath/amsgen.sty
File: amsgen.sty 1999/11/30 v2.0 generic functions
\@emptytoks=\toks24
\ex@=\dimen176
))
(/usr/local/texlive/2024basic/texmf-dist/tex/latex/amsmath/amsbsy.sty
Package: amsbsy 1999/11/29 v1.2d Bold Symbols
\pmbraise@=\dimen177
)
(/usr/local/texlive/2024basic/texmf-dist/tex/latex/amsmath/amsopn.sty
Package: amsopn 2022/04/08 v2.04 operator names
)
\inf@bad=\count311
LaTeX Info: Redefining \frac on input line 234.
\uproot@=\count312
\leftroot@=\count313
LaTeX Info: Redefining \overline on input line 399.
LaTeX Info: Redefining \colon on input line 410.
\classnum@=\count314
\DOTSCASE@=\count315
LaTeX Info: Redefining \ldots on input line 496.
LaTeX Info: Redefining \dots on input line 499.
LaTeX Info: Redefining \cdots on input line 620.
\Mathstrutbox@=\box107
\strutbox@=\box108
LaTeX Info: Redefining \big on input line 722.
LaTeX Info: Redefining \Big on input line 723.
LaTeX Info: Redefining \bigg on input line 724.
LaTeX Info: Redefining \Bigg on input line 725.
\big@size=\dimen178
LaTeX Font Info:    Redeclaring font encoding OML on input line 743.
LaTeX Font Info:    Redeclaring font encoding OMS on input line 744.
\macc@depth=\count316
LaTeX Info: Redefining \bmod on input line 905.
LaTeX Info: Redefining \pmod on input line 910.
LaTeX Info: Redefining \smash on input line 940.
LaTeX Info: Redefining \relbar on input line 970.
LaTeX Info: Redefining \Relbar on input line 971.
\c@MaxMatrixCols=\count317
\dotsspace@=\muskip17
\c@parentequation=\count318
\dspbrk@lvl=\count319
\tag@help=\toks25
\row@=\count320
\column@=\count321
\maxfields@=\count322
\andhelp@=\toks26
\eqnshift@=\dimen179
\alignsep@=\dimen180
\tagshift@=\dimen181
\tagwidth@=\dimen182
\totwidth@=\dimen183
\lineht@=\dimen184
\@envbody=\toks27
\multlinegap=\skip95
\multlinetaggap=\skip96
\mathdisplay@stack=\toks28
LaTeX Info: Redefining \[ on input line 2953.
LaTeX Info: Redefining \] on input line 2954.
)
(/usr/local/texlive/2024basic/texmf-dist/tex/latex/amsfonts/amsfonts.sty
Package: amsfonts 2013/01/14 v3.01 Basic AMSFonts support
\symAMSa=\mathgroup4
\symAMSb=\mathgroup5
LaTeX Font Info:    Redeclaring math symbol \hbar on input line 98.
LaTeX Font Info:    Overwriting math alphabet `\mathfrak' in version `bold'
(Font)                  U/euf/m/n --> U/euf/b/n on input line 106.
)
(/usr/local/texlive/2024basic/texmf-dist/tex/latex/microtype/microtype.sty
Package: microtype 2023/03/13 v3.1a Micro-typographical refinements (RS)
\MT@toks=\toks29
\MT@tempbox=\box109
\MT@count=\count323
LaTeX Info: Redefining \noprotrusionifhmode on input line 1059.
LaTeX Info: Redefining \leftprotrusion on input line 1060.
\MT@prot@toks=\toks30
LaTeX Info: Redefining \rightprotrusion on input line 1078.
LaTeX Info: Redefining \textls on input line 1368.
\MT@outer@kern=\dimen185
LaTeX Info: Redefining \textmicrotypecontext on input line 1988.
\MT@listname@count=\count324

(/usr/local/texlive/2024basic/texmf-dist/tex/latex/microtype/microtype-xetex.de
f
File: microtype-xetex.def 2023/03/13 v3.1a Definitions specific to xetex (RS)
LaTeX Info: Redefining \lsstyle on input line 238.
)
Package microtype Info: Loading configuration file microtype.cfg.
 (/usr/local/texlive/2024basic/texmf-dist/tex/latex/microtype/microtype.cfg
File: microtype.cfg 2023/03/13 v3.1a microtype main configuration file (RS)
)) (/usr/local/texlive/2024basic/texmf-dist/tex/latex/pgfplots/pgfplots.sty
(/usr/local/texlive/2024basic/texmf-dist/tex/generic/pgfplots/pgfplots.revision
.tex)
Package: pgfplots 2021/05/15 v1.18.1 Data Visualization (1.18.1)

(/usr/local/texlive/2024basic/texmf-dist/tex/latex/pgf/frontendlayer/tikz.sty
(/usr/local/texlive/2024basic/texmf-dist/tex/latex/pgf/basiclayer/pgf.sty
(/usr/local/texlive/2024basic/texmf-dist/tex/latex/pgf/utilities/pgfrcs.sty
(/usr/local/texlive/2024basic/texmf-dist/tex/generic/pgf/utilities/pgfutil-comm
on.tex
\pgfutil@everybye=\toks31
\pgfutil@tempdima=\dimen186
\pgfutil@tempdimb=\dimen187
)
(/usr/local/texlive/2024basic/texmf-dist/tex/generic/pgf/utilities/pgfutil-late
x.def
\pgfutil@abb=\box110
)
(/usr/local/texlive/2024basic/texmf-dist/tex/generic/pgf/utilities/pgfrcs.code.
tex (/usr/local/texlive/2024basic/texmf-dist/tex/generic/pgf/pgf.revision.tex)
Package: pgfrcs 2023-01-15 v3.1.10 (3.1.10)
))
Package: pgf 2023-01-15 v3.1.10 (3.1.10)
 (/usr/local/texlive/2024basic/texmf-dist/tex/latex/pgf/basiclayer/pgfcore.sty 
(/usr/local/texlive/2024basic/texmf-dist/tex/latex/pgf/systemlayer/pgfsys.sty
(/usr/local/texlive/2024basic/texmf-dist/tex/generic/pgf/systemlayer/pgfsys.cod
e.tex
Package: pgfsys 2023-01-15 v3.1.10 (3.1.10)

(/usr/local/texlive/2024basic/texmf-dist/tex/generic/pgf/utilities/pgfkeys.code
.tex
\pgfkeys@pathtoks=\toks32
\pgfkeys@temptoks=\toks33

(/usr/local/texlive/2024basic/texmf-dist/tex/generic/pgf/utilities/pgfkeyslibra
ryfiltered.code.tex
\pgfkeys@tmptoks=\toks34
))
\pgf@x=\dimen188
\pgf@y=\dimen189
\pgf@xa=\dimen190
\pgf@ya=\dimen191
\pgf@xb=\dimen192
\pgf@yb=\dimen193
\pgf@xc=\dimen194
\pgf@yc=\dimen195
\pgf@xd=\dimen196
\pgf@yd=\dimen197
\w@pgf@writea=\write3
\r@pgf@reada=\read2
\c@pgf@counta=\count325
\c@pgf@countb=\count326
\c@pgf@countc=\count327
\c@pgf@countd=\count328
\t@pgf@toka=\toks35
\t@pgf@tokb=\toks36
\t@pgf@tokc=\toks37
\pgf@sys@id@count=\count329

(/usr/local/texlive/2024basic/texmf-dist/tex/generic/pgf/systemlayer/pgf.cfg
File: pgf.cfg 2023-01-15 v3.1.10 (3.1.10)
)
Driver file for pgf: pgfsys-xetex.def

(/usr/local/texlive/2024basic/texmf-dist/tex/generic/pgf/systemlayer/pgfsys-xet
ex.def
File: pgfsys-xetex.def 2023-01-15 v3.1.10 (3.1.10)

(/usr/local/texlive/2024basic/texmf-dist/tex/generic/pgf/systemlayer/pgfsys-dvi
pdfmx.def
File: pgfsys-dvipdfmx.def 2023-01-15 v3.1.10 (3.1.10)

(/usr/local/texlive/2024basic/texmf-dist/tex/generic/pgf/systemlayer/pgfsys-com
mon-pdf.def
File: pgfsys-common-pdf.def 2023-01-15 v3.1.10 (3.1.10)
)
\pgfsys@objnum=\count330
)))
(/usr/local/texlive/2024basic/texmf-dist/tex/generic/pgf/systemlayer/pgfsyssoft
path.code.tex
File: pgfsyssoftpath.code.tex 2023-01-15 v3.1.10 (3.1.10)
\pgfsyssoftpath@smallbuffer@items=\count331
\pgfsyssoftpath@bigbuffer@items=\count332
)
(/usr/local/texlive/2024basic/texmf-dist/tex/generic/pgf/systemlayer/pgfsysprot
ocol.code.tex
File: pgfsysprotocol.code.tex 2023-01-15 v3.1.10 (3.1.10)
))
(/usr/local/texlive/2024basic/texmf-dist/tex/generic/pgf/basiclayer/pgfcore.cod
e.tex
Package: pgfcore 2023-01-15 v3.1.10 (3.1.10)

(/usr/local/texlive/2024basic/texmf-dist/tex/generic/pgf/math/pgfmath.code.tex
(/usr/local/texlive/2024basic/texmf-dist/tex/generic/pgf/math/pgfmathutil.code.
tex)
(/usr/local/texlive/2024basic/texmf-dist/tex/generic/pgf/math/pgfmathparser.cod
e.tex
\pgfmath@dimen=\dimen198
\pgfmath@count=\count333
\pgfmath@box=\box111
\pgfmath@toks=\toks38
\pgfmath@stack@operand=\toks39
\pgfmath@stack@operation=\toks40
)
(/usr/local/texlive/2024basic/texmf-dist/tex/generic/pgf/math/pgfmathfunctions.
code.tex)
(/usr/local/texlive/2024basic/texmf-dist/tex/generic/pgf/math/pgfmathfunctions.
basic.code.tex)
(/usr/local/texlive/2024basic/texmf-dist/tex/generic/pgf/math/pgfmathfunctions.
trigonometric.code.tex)
(/usr/local/texlive/2024basic/texmf-dist/tex/generic/pgf/math/pgfmathfunctions.
random.code.tex)
(/usr/local/texlive/2024basic/texmf-dist/tex/generic/pgf/math/pgfmathfunctions.
comparison.code.tex)
(/usr/local/texlive/2024basic/texmf-dist/tex/generic/pgf/math/pgfmathfunctions.
base.code.tex)
(/usr/local/texlive/2024basic/texmf-dist/tex/generic/pgf/math/pgfmathfunctions.
round.code.tex)
(/usr/local/texlive/2024basic/texmf-dist/tex/generic/pgf/math/pgfmathfunctions.
misc.code.tex)
(/usr/local/texlive/2024basic/texmf-dist/tex/generic/pgf/math/pgfmathfunctions.
integerarithmetics.code.tex)
(/usr/local/texlive/2024basic/texmf-dist/tex/generic/pgf/math/pgfmathcalc.code.
tex)
(/usr/local/texlive/2024basic/texmf-dist/tex/generic/pgf/math/pgfmathfloat.code
.tex
\c@pgfmathroundto@lastzeros=\count334
))
(/usr/local/texlive/2024basic/texmf-dist/tex/generic/pgf/math/pgfint.code.tex)
(/usr/local/texlive/2024basic/texmf-dist/tex/generic/pgf/basiclayer/pgfcorepoin
ts.code.tex
File: pgfcorepoints.code.tex 2023-01-15 v3.1.10 (3.1.10)
\pgf@picminx=\dimen199
\pgf@picmaxx=\dimen256
\pgf@picminy=\dimen257
\pgf@picmaxy=\dimen258
\pgf@pathminx=\dimen259
\pgf@pathmaxx=\dimen260
\pgf@pathminy=\dimen261
\pgf@pathmaxy=\dimen262
\pgf@xx=\dimen263
\pgf@xy=\dimen264
\pgf@yx=\dimen265
\pgf@yy=\dimen266
\pgf@zx=\dimen267
\pgf@zy=\dimen268
)
(/usr/local/texlive/2024basic/texmf-dist/tex/generic/pgf/basiclayer/pgfcorepath
construct.code.tex
File: pgfcorepathconstruct.code.tex 2023-01-15 v3.1.10 (3.1.10)
\pgf@path@lastx=\dimen269
\pgf@path@lasty=\dimen270
)
(/usr/local/texlive/2024basic/texmf-dist/tex/generic/pgf/basiclayer/pgfcorepath
usage.code.tex
File: pgfcorepathusage.code.tex 2023-01-15 v3.1.10 (3.1.10)
\pgf@shorten@end@additional=\dimen271
\pgf@shorten@start@additional=\dimen272
)
(/usr/local/texlive/2024basic/texmf-dist/tex/generic/pgf/basiclayer/pgfcorescop
es.code.tex
File: pgfcorescopes.code.tex 2023-01-15 v3.1.10 (3.1.10)
\pgfpic=\box112
\pgf@hbox=\box113
\pgf@layerbox@main=\box114
\pgf@picture@serial@count=\count335
)
(/usr/local/texlive/2024basic/texmf-dist/tex/generic/pgf/basiclayer/pgfcoregrap
hicstate.code.tex
File: pgfcoregraphicstate.code.tex 2023-01-15 v3.1.10 (3.1.10)
\pgflinewidth=\dimen273
)
(/usr/local/texlive/2024basic/texmf-dist/tex/generic/pgf/basiclayer/pgfcoretran
sformations.code.tex
File: pgfcoretransformations.code.tex 2023-01-15 v3.1.10 (3.1.10)
\pgf@pt@x=\dimen274
\pgf@pt@y=\dimen275
\pgf@pt@temp=\dimen276
)
(/usr/local/texlive/2024basic/texmf-dist/tex/generic/pgf/basiclayer/pgfcorequic
k.code.tex
File: pgfcorequick.code.tex 2023-01-15 v3.1.10 (3.1.10)
)
(/usr/local/texlive/2024basic/texmf-dist/tex/generic/pgf/basiclayer/pgfcoreobje
cts.code.tex
File: pgfcoreobjects.code.tex 2023-01-15 v3.1.10 (3.1.10)
)
(/usr/local/texlive/2024basic/texmf-dist/tex/generic/pgf/basiclayer/pgfcorepath
processing.code.tex
File: pgfcorepathprocessing.code.tex 2023-01-15 v3.1.10 (3.1.10)
)
(/usr/local/texlive/2024basic/texmf-dist/tex/generic/pgf/basiclayer/pgfcorearro
ws.code.tex
File: pgfcorearrows.code.tex 2023-01-15 v3.1.10 (3.1.10)
\pgfarrowsep=\dimen277
)
(/usr/local/texlive/2024basic/texmf-dist/tex/generic/pgf/basiclayer/pgfcoreshad
e.code.tex
File: pgfcoreshade.code.tex 2023-01-15 v3.1.10 (3.1.10)
\pgf@max=\dimen278
\pgf@sys@shading@range@num=\count336
\pgf@shadingcount=\count337
)
(/usr/local/texlive/2024basic/texmf-dist/tex/generic/pgf/basiclayer/pgfcoreimag
e.code.tex
File: pgfcoreimage.code.tex 2023-01-15 v3.1.10 (3.1.10)
)
(/usr/local/texlive/2024basic/texmf-dist/tex/generic/pgf/basiclayer/pgfcoreexte
rnal.code.tex
File: pgfcoreexternal.code.tex 2023-01-15 v3.1.10 (3.1.10)
\pgfexternal@startupbox=\box115
)
(/usr/local/texlive/2024basic/texmf-dist/tex/generic/pgf/basiclayer/pgfcorelaye
rs.code.tex
File: pgfcorelayers.code.tex 2023-01-15 v3.1.10 (3.1.10)
)
(/usr/local/texlive/2024basic/texmf-dist/tex/generic/pgf/basiclayer/pgfcoretran
sparency.code.tex
File: pgfcoretransparency.code.tex 2023-01-15 v3.1.10 (3.1.10)
)
(/usr/local/texlive/2024basic/texmf-dist/tex/generic/pgf/basiclayer/pgfcorepatt
erns.code.tex
File: pgfcorepatterns.code.tex 2023-01-15 v3.1.10 (3.1.10)
)
(/usr/local/texlive/2024basic/texmf-dist/tex/generic/pgf/basiclayer/pgfcorerdf.
code.tex
File: pgfcorerdf.code.tex 2023-01-15 v3.1.10 (3.1.10)
)))
(/usr/local/texlive/2024basic/texmf-dist/tex/generic/pgf/modules/pgfmoduleshape
s.code.tex
File: pgfmoduleshapes.code.tex 2023-01-15 v3.1.10 (3.1.10)
\pgfnodeparttextbox=\box116
)
(/usr/local/texlive/2024basic/texmf-dist/tex/generic/pgf/modules/pgfmoduleplot.
code.tex
File: pgfmoduleplot.code.tex 2023-01-15 v3.1.10 (3.1.10)
)
(/usr/local/texlive/2024basic/texmf-dist/tex/latex/pgf/compatibility/pgfcomp-ve
rsion-0-65.sty
Package: pgfcomp-version-0-65 2023-01-15 v3.1.10 (3.1.10)
\pgf@nodesepstart=\dimen279
\pgf@nodesepend=\dimen280
)
(/usr/local/texlive/2024basic/texmf-dist/tex/latex/pgf/compatibility/pgfcomp-ve
rsion-1-18.sty
Package: pgfcomp-version-1-18 2023-01-15 v3.1.10 (3.1.10)
))
(/usr/local/texlive/2024basic/texmf-dist/tex/latex/pgf/utilities/pgffor.sty
(/usr/local/texlive/2024basic/texmf-dist/tex/latex/pgf/utilities/pgfkeys.sty
(/usr/local/texlive/2024basic/texmf-dist/tex/generic/pgf/utilities/pgfkeys.code
.tex)) (/usr/local/texlive/2024basic/texmf-dist/tex/latex/pgf/math/pgfmath.sty
(/usr/local/texlive/2024basic/texmf-dist/tex/generic/pgf/math/pgfmath.code.tex)
)
(/usr/local/texlive/2024basic/texmf-dist/tex/generic/pgf/utilities/pgffor.code.
tex
Package: pgffor 2023-01-15 v3.1.10 (3.1.10)
\pgffor@iter=\dimen281
\pgffor@skip=\dimen282
\pgffor@stack=\toks41
\pgffor@toks=\toks42
))
(/usr/local/texlive/2024basic/texmf-dist/tex/generic/pgf/frontendlayer/tikz/tik
z.code.tex
Package: tikz 2023-01-15 v3.1.10 (3.1.10)

(/usr/local/texlive/2024basic/texmf-dist/tex/generic/pgf/libraries/pgflibrarypl
othandlers.code.tex
File: pgflibraryplothandlers.code.tex 2023-01-15 v3.1.10 (3.1.10)
\pgf@plot@mark@count=\count338
\pgfplotmarksize=\dimen283
)
\tikz@lastx=\dimen284
\tikz@lasty=\dimen285
\tikz@lastxsaved=\dimen286
\tikz@lastysaved=\dimen287
\tikz@lastmovetox=\dimen288
\tikz@lastmovetoy=\dimen289
\tikzleveldistance=\dimen290
\tikzsiblingdistance=\dimen291
\tikz@figbox=\box117
\tikz@figbox@bg=\box118
\tikz@tempbox=\box119
\tikz@tempbox@bg=\box120
\tikztreelevel=\count339
\tikznumberofchildren=\count340
\tikznumberofcurrentchild=\count341
\tikz@fig@count=\count342

(/usr/local/texlive/2024basic/texmf-dist/tex/generic/pgf/modules/pgfmodulematri
x.code.tex
File: pgfmodulematrix.code.tex 2023-01-15 v3.1.10 (3.1.10)
\pgfmatrixcurrentrow=\count343
\pgfmatrixcurrentcolumn=\count344
\pgf@matrix@numberofcolumns=\count345
)
\tikz@expandcount=\count346

(/usr/local/texlive/2024basic/texmf-dist/tex/generic/pgf/frontendlayer/tikz/lib
raries/tikzlibrarytopaths.code.tex
File: tikzlibrarytopaths.code.tex 2023-01-15 v3.1.10 (3.1.10)
)))
(/usr/local/texlive/2024basic/texmf-dist/tex/generic/pgfplots/pgfplots.code.tex

(/usr/local/texlive/2024basic/texmf-dist/tex/generic/pgfplots/pgfplotscore.code
.tex
\t@pgfplots@toka=\toks43
\t@pgfplots@tokb=\toks44
\t@pgfplots@tokc=\toks45
\pgfplots@tmpa=\dimen292
\c@pgfplots@coordindex=\count347
\c@pgfplots@scanlineindex=\count348

(/usr/local/texlive/2024basic/texmf-dist/tex/generic/pgfplots/sys/pgfplotssysge
neric.code.tex))
(/usr/local/texlive/2024basic/texmf-dist/tex/generic/pgfplots/libs/pgfplotslibr
ary.code.tex)
(/usr/local/texlive/2024basic/texmf-dist/tex/generic/pgfplots/oldpgfcompatib/pg
fplotsoldpgfsupp_loader.code.tex
(/usr/local/texlive/2024basic/texmf-dist/tex/generic/pgf/libraries/pgflibraryfp
u.code.tex)
Package pgfplots: loading complementary utilities for your pgf version...
\t@pgf@toka=\toks46
\t@pgf@tokb=\toks47
\t@pgf@tokc=\toks48

(/usr/local/texlive/2024basic/texmf-dist/tex/generic/pgfplots/oldpgfcompatib/pg
fplotsoldpgfsupp_pgfutil-common-lists.tex))
(/usr/local/texlive/2024basic/texmf-dist/tex/generic/pgfplots/util/pgfplotsutil
.code.tex
(/usr/local/texlive/2024basic/texmf-dist/tex/generic/pgfplots/liststructure/pgf
plotsliststructure.code.tex)
(/usr/local/texlive/2024basic/texmf-dist/tex/generic/pgfplots/liststructure/pgf
plotsliststructureext.code.tex)
(/usr/local/texlive/2024basic/texmf-dist/tex/generic/pgfplots/liststructure/pgf
plotsarray.code.tex
\c@pgfplotsarray@tmp=\count349
)
(/usr/local/texlive/2024basic/texmf-dist/tex/generic/pgfplots/liststructure/pgf
plotsmatrix.code.tex)
(/usr/local/texlive/2024basic/texmf-dist/tex/generic/pgfplots/numtable/pgfplots
tableshared.code.tex
\c@pgfplotstable@counta=\count350
\t@pgfplotstable@a=\toks49
)
(/usr/local/texlive/2024basic/texmf-dist/tex/generic/pgfplots/liststructure/pgf
plotsdeque.code.tex)
(/usr/local/texlive/2024basic/texmf-dist/tex/generic/pgfplots/util/pgfplotsbina
ry.code.tex
(/usr/local/texlive/2024basic/texmf-dist/tex/generic/pgfplots/util/pgfplotsbina
ry.data.code.tex))
(/usr/local/texlive/2024basic/texmf-dist/tex/generic/pgfplots/util/pgfplotsutil
.verb.code.tex)
(/usr/local/texlive/2024basic/texmf-dist/tex/generic/pgfplots/libs/pgflibrarypg
fplots.surfshading.code.tex
\c@pgfplotslibrarysurf@no=\count351

(/usr/local/texlive/2024basic/texmf-dist/tex/generic/pgfplots/sys/pgflibrarypgf
plots.surfshading.pgfsys-xetex.def
(/usr/local/texlive/2024basic/texmf-dist/tex/generic/pgfplots/sys/pgflibrarypgf
plots.surfshading.pgfsys-dvipdfmx.def
\c@pgfplotslibrarysurf@streamlen=\count352
))))
(/usr/local/texlive/2024basic/texmf-dist/tex/generic/pgfplots/util/pgfplotscolo
rmap.code.tex
(/usr/local/texlive/2024basic/texmf-dist/tex/generic/pgfplots/util/pgfplotscolo
r.code.tex))
(/usr/local/texlive/2024basic/texmf-dist/tex/generic/pgfplots/pgfplotsstackedpl
ots.code.tex)
(/usr/local/texlive/2024basic/texmf-dist/tex/generic/pgfplots/pgfplotsplothandl
ers.code.tex
(/usr/local/texlive/2024basic/texmf-dist/tex/generic/pgfplots/pgfplotsmeshploth
andler.code.tex
(/usr/local/texlive/2024basic/texmf-dist/tex/generic/pgfplots/pgfplotsmeshploti
mage.code.tex)))
(/usr/local/texlive/2024basic/texmf-dist/tex/generic/pgfplots/pgfplots.scaling.
code.tex)
(/usr/local/texlive/2024basic/texmf-dist/tex/generic/pgfplots/pgfplotscoordproc
essing.code.tex)
(/usr/local/texlive/2024basic/texmf-dist/tex/generic/pgfplots/pgfplots.errorbar
s.code.tex)
(/usr/local/texlive/2024basic/texmf-dist/tex/generic/pgfplots/pgfplots.markers.
code.tex)
(/usr/local/texlive/2024basic/texmf-dist/tex/generic/pgfplots/pgfplotsticks.cod
e.tex)
(/usr/local/texlive/2024basic/texmf-dist/tex/generic/pgfplots/pgfplots.paths.co
de.tex)
(/usr/local/texlive/2024basic/texmf-dist/tex/generic/pgf/frontendlayer/tikz/lib
raries/tikzlibrarydecorations.code.tex
(/usr/local/texlive/2024basic/texmf-dist/tex/generic/pgf/modules/pgfmoduledecor
ations.code.tex
\pgfdecoratedcompleteddistance=\dimen293
\pgfdecoratedremainingdistance=\dimen294
\pgfdecoratedinputsegmentcompleteddistance=\dimen295
\pgfdecoratedinputsegmentremainingdistance=\dimen296
\pgf@decorate@distancetomove=\dimen297
\pgf@decorate@repeatstate=\count353
\pgfdecorationsegmentamplitude=\dimen298
\pgfdecorationsegmentlength=\dimen299
)
\tikz@lib@dec@box=\box121
)
(/usr/local/texlive/2024basic/texmf-dist/tex/generic/pgf/frontendlayer/tikz/lib
raries/tikzlibrarydecorations.pathmorphing.code.tex
(/usr/local/texlive/2024basic/texmf-dist/tex/generic/pgf/libraries/decorations/
pgflibrarydecorations.pathmorphing.code.tex))
(/usr/local/texlive/2024basic/texmf-dist/tex/generic/pgf/frontendlayer/tikz/lib
raries/tikzlibrarydecorations.pathreplacing.code.tex
(/usr/local/texlive/2024basic/texmf-dist/tex/generic/pgf/libraries/decorations/
pgflibrarydecorations.pathreplacing.code.tex))
(/usr/local/texlive/2024basic/texmf-dist/tex/generic/pgfplots/libs/tikzlibraryp
gfplots.contourlua.code.tex)
\pgfplots@numplots=\count354
\pgfplots@xmin@reg=\dimen300
\pgfplots@xmax@reg=\dimen301
\pgfplots@ymin@reg=\dimen302
\pgfplots@ymax@reg=\dimen303
\pgfplots@zmin@reg=\dimen304
\pgfplots@zmax@reg=\dimen305
)
(/usr/local/texlive/2024basic/texmf-dist/tex/generic/pgf/frontendlayer/tikz/lib
raries/tikzlibraryplotmarks.code.tex
File: tikzlibraryplotmarks.code.tex 2023-01-15 v3.1.10 (3.1.10)

(/usr/local/texlive/2024basic/texmf-dist/tex/generic/pgf/libraries/pgflibrarypl
otmarks.code.tex
File: pgflibraryplotmarks.code.tex 2023-01-15 v3.1.10 (3.1.10)
)))
(/usr/local/texlive/2024basic/texmf-dist/tex/generic/pgfplots/libs/tikzlibraryp
gfplots.polar.code.tex)
(/usr/local/texlive/2024basic/texmf-dist/tex/generic/pgf/frontendlayer/tikz/lib
raries/tikzlibrarymatrix.code.tex
File: tikzlibrarymatrix.code.tex 2023-01-15 v3.1.10 (3.1.10)
)
(/usr/local/texlive/2024basic/texmf-dist/tex/generic/pgf/frontendlayer/tikz/lib
raries/tikzlibrarycalc.code.tex
File: tikzlibrarycalc.code.tex 2023-01-15 v3.1.10 (3.1.10)
)
(/usr/local/texlive/2024basic/texmf-dist/tex/latex/booktabs/booktabs.sty
Package: booktabs 2020/01/12 v1.61803398 Publication quality tables
\heavyrulewidth=\dimen306
\lightrulewidth=\dimen307
\cmidrulewidth=\dimen308
\belowrulesep=\dimen309
\belowbottomsep=\dimen310
\aboverulesep=\dimen311
\abovetopsep=\dimen312
\cmidrulesep=\dimen313
\cmidrulekern=\dimen314
\defaultaddspace=\dimen315
\@cmidla=\count355
\@cmidlb=\count356
\@aboverulesep=\dimen316
\@belowrulesep=\dimen317
\@thisruleclass=\count357
\@lastruleclass=\count358
\@thisrulewidth=\dimen318
)
(/usr/local/texlive/2024basic/texmf-dist/tex/latex/multirow/multirow.sty
Package: multirow 2021/03/15 v2.8 Span multiple rows of a table
\multirow@colwidth=\skip97
\multirow@cntb=\count359
\multirow@dima=\skip98
\bigstrutjot=\dimen319
)
(/usr/local/texlive/2024basic/texmf-dist/tex/latex/siunitx/siunitx.sty
Package: siunitx 2024-08-20 v3.3.21 A comprehensive (SI) units package
\l__siunitx_number_uncert_offset_int=\count360
\l__siunitx_number_exponent_fixed_int=\count361
\l__siunitx_number_min_decimal_int=\count362
\l__siunitx_number_min_integer_int=\count363
\l__siunitx_number_round_precision_int=\count364
\l__siunitx_number_lower_threshold_int=\count365
\l__siunitx_number_upper_threshold_int=\count366
\l__siunitx_number_group_first_int=\count367
\l__siunitx_number_group_size_int=\count368
\l__siunitx_number_group_minimum_int=\count369
\l__siunitx_angle_tmp_dim=\dimen320
\l__siunitx_angle_marker_box=\box122
\l__siunitx_angle_unit_box=\box123
\l__siunitx_compound_count_int=\count370
\l__siunitx_table_tmp_box=\box124
\l__siunitx_table_tmp_dim=\dimen321
\l__siunitx_table_column_width_dim=\dimen322
\l__siunitx_table_integer_box=\box125
\l__siunitx_table_decimal_box=\box126
\l__siunitx_table_uncert_box=\box127
\l__siunitx_table_before_box=\box128
\l__siunitx_table_after_box=\box129
\l__siunitx_table_before_dim=\dimen323
\l__siunitx_table_carry_dim=\dimen324
\l__siunitx_unit_tmp_int=\count371
\l__siunitx_unit_position_int=\count372
\l__siunitx_unit_total_int=\count373

(/usr/local/texlive/2024basic/texmf-dist/tex/latex/tools/array.sty
Package: array 2023/10/16 v2.5g Tabular extension package (FMi)
\col@sep=\dimen325
\ar@mcellbox=\box130
\extrarowheight=\dimen326
\NC@list=\toks50
\extratabsurround=\skip99
\backup@length=\skip100
\ar@cellbox=\box131
))
(/usr/local/texlive/2024basic/texmf-dist/tex/latex/tools/xspace.sty
Package: xspace 2014/10/28 v1.13 Space after command names (DPC,MH)
)
(/usr/local/texlive/2024basic/texmf-dist/tex/latex/fancyvrb/fancyvrb.sty
Package: fancyvrb 2024/01/20 4.5c verbatim text (tvz,hv)
\FV@CodeLineNo=\count374
\FV@InFile=\read3
\FV@TabBox=\box132
\c@FancyVerbLine=\count375
\FV@StepNumber=\count376
\FV@OutFile=\write4
)
(/usr/local/texlive/2024basic/texmf-dist/tex/latex/listings/listings.sty
\lst@mode=\count377
\lst@gtempboxa=\box133
\lst@token=\toks51
\lst@length=\count378
\lst@currlwidth=\dimen327
\lst@column=\count379
\lst@pos=\count380
\lst@lostspace=\dimen328
\lst@width=\dimen329
\lst@newlines=\count381
\lst@lineno=\count382
\lst@maxwidth=\dimen330

(/usr/local/texlive/2024basic/texmf-dist/tex/latex/listings/lstpatch.sty
File: lstpatch.sty 2024/02/21 1.10 (Carsten Heinz)
)
(/usr/local/texlive/2024basic/texmf-dist/tex/latex/listings/lstmisc.sty
File: lstmisc.sty 2024/02/21 1.10 (Carsten Heinz)
\c@lstnumber=\count383
\lst@skipnumbers=\count384
\lst@framebox=\box134
)
(/usr/local/texlive/2024basic/texmf-dist/tex/latex/listings/listings.cfg
File: listings.cfg 2024/02/21 1.10 listings configuration
))
Package: listings 2024/02/21 1.10 (Carsten Heinz)

(/usr/local/texlive/2024basic/texmf-dist/tex/latex/base/makeidx.sty
Package: makeidx 2021/10/04 v1.0m Standard LaTeX package
)
(/usr/local/texlive/2024basic/texmf-dist/tex/latex/listings/lstlang1.sty
File: lstlang1.sty 2024/02/21 1.10 listings language file
)
\c@problem=\count385
\mywidth=\skip101
)

LaTeX Warning: Unused global option(s):
    [paperwidth=8.5in,paperheight=11in,inner=1in,outer=1in,top=1in,bottom=1in,m
arginparwidth=1.75in,marginparsep=0.1in,paperwidth,paperheight,inner,outer,top,
bottom,marginparwidth,marginparsep].

No file main.aux.
\openout1 = `main.aux'.

LaTeX Font Info:    Checking defaults for OML/cmm/m/it on input line 4.
LaTeX Font Info:    ... okay on input line 4.
LaTeX Font Info:    Checking defaults for OMS/cmsy/m/n on input line 4.
LaTeX Font Info:    ... okay on input line 4.
LaTeX Font Info:    Checking defaults for OT1/cmr/m/n on input line 4.
LaTeX Font Info:    ... okay on input line 4.
LaTeX Font Info:    Checking defaults for T1/cmr/m/n on input line 4.
LaTeX Font Info:    ... okay on input line 4.
LaTeX Font Info:    Checking defaults for TS1/cmr/m/n on input line 4.
LaTeX Font Info:    Trying to load font information for TS1+cmr on input line 4
.
(/usr/local/texlive/2024basic/texmf-dist/tex/latex/base/ts1cmr.fd
File: ts1cmr.fd 2023/04/13 v2.5m Standard LaTeX font definitions
)
LaTeX Font Info:    ... okay on input line 4.
LaTeX Font Info:    Checking defaults for TU/lmr/m/n on input line 4.
LaTeX Font Info:    ... okay on input line 4.
LaTeX Font Info:    Checking defaults for OMX/cmex/m/n on input line 4.
LaTeX Font Info:    ... okay on input line 4.
LaTeX Font Info:    Checking defaults for U/cmr/m/n on input line 4.
LaTeX Font Info:    ... okay on input line 4.
LaTeX Font Info:    Checking defaults for PD1/pdf/m/n on input line 4.
LaTeX Font Info:    ... okay on input line 4.
LaTeX Font Info:    Checking defaults for PU/pdf/m/n on input line 4.
LaTeX Font Info:    ... okay on input line 4.

Package fontspec Info: Adjusting the maths setup (use [no-math] to avoid
(fontspec)             this).

\symlegacymaths=\mathgroup6
LaTeX Font Info:    Overwriting symbol font `legacymaths' in version `bold'
(Font)                  OT1/cmr/m/n --> OT1/cmr/bx/n on input line 4.
LaTeX Font Info:    Redeclaring math accent \acute on input line 4.
LaTeX Font Info:    Redeclaring math accent \grave on input line 4.
LaTeX Font Info:    Redeclaring math accent \ddot on input line 4.
LaTeX Font Info:    Redeclaring math accent \tilde on input line 4.
LaTeX Font Info:    Redeclaring math accent \bar on input line 4.
LaTeX Font Info:    Redeclaring math accent \breve on input line 4.
LaTeX Font Info:    Redeclaring math accent \check on input line 4.
LaTeX Font Info:    Redeclaring math accent \hat on input line 4.
LaTeX Font Info:    Redeclaring math accent \dot on input line 4.
LaTeX Font Info:    Redeclaring math accent \mathring on input line 4.
LaTeX Font Info:    Redeclaring math symbol \Gamma on input line 4.
LaTeX Font Info:    Redeclaring math symbol \Delta on input line 4.
LaTeX Font Info:    Redeclaring math symbol \Theta on input line 4.
LaTeX Font Info:    Redeclaring math symbol \Lambda on input line 4.
LaTeX Font Info:    Redeclaring math symbol \Xi on input line 4.
LaTeX Font Info:    Redeclaring math symbol \Pi on input line 4.
LaTeX Font Info:    Redeclaring math symbol \Sigma on input line 4.
LaTeX Font Info:    Redeclaring math symbol \Upsilon on input line 4.
LaTeX Font Info:    Redeclaring math symbol \Phi on input line 4.
LaTeX Font Info:    Redeclaring math symbol \Psi on input line 4.
LaTeX Font Info:    Redeclaring math symbol \Omega on input line 4.
LaTeX Font Info:    Redeclaring math symbol \mathdollar on input line 4.
LaTeX Font Info:    Redeclaring symbol font `operators' on input line 4.
LaTeX Font Info:    Encoding `OT1' has changed to `TU' for symbol font
(Font)              `operators' in the math version `normal' on input line 4.
LaTeX Font Info:    Overwriting symbol font `operators' in version `normal'
(Font)                  OT1/cmr/m/n --> TU/EBGaramond(0)/m/n on input line 4.
LaTeX Font Info:    Encoding `OT1' has changed to `TU' for symbol font
(Font)              `operators' in the math version `bold' on input line 4.
LaTeX Font Info:    Overwriting symbol font `operators' in version `bold'
(Font)                  OT1/cmr/bx/n --> TU/EBGaramond(0)/m/n on input line 4.
LaTeX Font Info:    Overwriting symbol font `operators' in version `normal'
(Font)                  TU/EBGaramond(0)/m/n --> TU/EBGaramond(0)/m/n on input 
line 4.
LaTeX Font Info:    Overwriting math alphabet `\mathit' in version `normal'
(Font)                  OT1/cmr/m/it --> TU/EBGaramond(0)/m/it on input line 4.

LaTeX Font Info:    Overwriting math alphabet `\mathbf' in version `normal'
(Font)                  OT1/cmr/bx/n --> TU/EBGaramond(0)/b/n on input line 4.
LaTeX Font Info:    Overwriting math alphabet `\mathsf' in version `normal'
(Font)                  OT1/cmss/m/n --> TU/lmss/m/n on input line 4.
LaTeX Font Info:    Overwriting math alphabet `\mathtt' in version `normal'
(Font)                  OT1/cmtt/m/n --> TU/lmtt/m/n on input line 4.
LaTeX Font Info:    Overwriting symbol font `operators' in version `bold'
(Font)                  TU/EBGaramond(0)/m/n --> TU/EBGaramond(0)/b/n on input 
line 4.
LaTeX Font Info:    Overwriting math alphabet `\mathit' in version `bold'
(Font)                  OT1/cmr/bx/it --> TU/EBGaramond(0)/b/it on input line 4
.
LaTeX Font Info:    Overwriting math alphabet `\mathsf' in version `bold'
(Font)                  OT1/cmss/bx/n --> TU/lmss/b/n on input line 4.
LaTeX Font Info:    Overwriting math alphabet `\mathtt' in version `bold'
(Font)                  OT1/cmtt/m/n --> TU/lmtt/b/n on input line 4.
Package hyperref Info: Link coloring OFF on input line 4.
\@outlinefile=\write5
\openout5 = `main.out'.



Package hyperref Warning: Rerun to get /PageLabels entry.

*geometry* driver: auto-detecting
*geometry* detected driver: xetex
*geometry* verbose mode - [ preamble ] result:
* driver: xetex
* paper: letterpaper
* layout: <same size as paper>
* layoutoffset:(h,v)=(0.0pt,0.0pt)
* modes: twoside asymmetric 
* h-part:(L,W,R)=(72.26999pt, 312.0pt, 230.02501pt)
* v-part:(T,H,B)=(72.26999pt, 616.0pt, 106.7pt)
* \paperwidth=614.295pt
* \paperheight=794.96999pt
* \textwidth=312.0pt
* \textheight=616.0pt
* \oddsidemargin=0.0pt
* \evensidemargin=0.0pt
* \topmargin=-42.0pt
* \headheight=14.0pt
* \headsep=28.0pt
* \topskip=10.0pt
* \footskip=25.29494pt
* \marginparwidth=126.47249pt
* \marginparsep=7.22743pt
* \columnsep=10.0pt
* \skip\footins=9.0pt plus 4.0pt minus 2.0pt
* \hoffset=0.0pt
* \voffset=0.0pt
* \mag=1000
* \@twocolumnfalse
* \@twosidetrue
* \@mparswitchfalse
* \@reversemarginfalse
* (1in=72.27pt=25.4mm, 1cm=28.453pt)

\langwohyphens=\language25
LaTeX Info: Redefining \microtypecontext on input line 4.
Package microtype Info: Applying patch `item' on input line 4.
Package microtype Info: Applying patch `toc' on input line 4.
Package microtype Info: Applying patch `eqnum' on input line 4.

Package microtype Warning: Unable to apply patch `footnote' on input line 4.

Package microtype Info: Applying patch `verbatim' on input line 4.
Package microtype Info: Character protrusion enabled (level 2).
Package microtype Info: Using default protrusion set `alltext'.
Package microtype Info: No adjustment of tracking.
Package microtype Info: No adjustment of spacing.
Package microtype Info: No adjustment of kerning.
(/usr/local/texlive/2024basic/texmf-dist/tex/latex/microtype/mt-EBGaramond.cfg
File: mt-EBGaramond.cfg 2021/10/25 v2.0 microtype config. file: EB Garamond / A
dobe Garamond (RS)
)

Package microtype Warning: Unknown slot number of character
(microtype)                `/f.long'
(microtype)                in font encoding `TU' in inheritance list
(microtype)                `mt-EBGaramond.cfg/962(protrusion)'.


Package microtype Warning: Unknown slot number of character
(microtype)                `/f.short'
(microtype)                in font encoding `TU' in inheritance list
(microtype)                `mt-EBGaramond.cfg/962(protrusion)'.


Package microtype Warning: Unknown slot number of character
(microtype)                `/u.LATmedi'
(microtype)                in font encoding `TU' in inheritance list
(microtype)                `mt-EBGaramond.cfg/962(protrusion)'.

Package pgfplots notification 'compat/show suggested version=true': document ha
s been generated with the most recent feature set (\pgfplotsset{compat=1.18}).

\c@lstlisting=\count386
Package microtype Info: Character `156' is missing
(microtype)             in font `\TU/EBGaramond(0)/m/it/14'.
(microtype)             Ignoring protrusion settings for this character.
[1

] (./sections/copyright.tex [2

])
No file main.toc.
\tf@toc=\write6
\openout6 = `main.toc'.

[1


] [2

]
No file main.lop.
\tf@lop=\write7
\openout7 = `main.lop'.

[3

] [4

] [5] [6] (./sections/arrays.tex
Chapter 1.

LaTeX Warning: Marginpar on page 7 moved.


LaTeX Warning: Marginpar on page 7 moved.


LaTeX Warning: Marginpar on page 7 moved.

Package hyperref Info: bookmark level for unknown lstlisting defaults to 0 on i
nput line 14.
Package microtype Info: Loading generic protrusion settings for font family
(microtype)             `lmtt' (encoding: TU).
(microtype)             For optimal results, create family-specific settings.
(microtype)             See the microtype manual for details.
LaTeX Font Info:    Trying to load font information for U+msa on input line 15.

(/usr/local/texlive/2024basic/texmf-dist/tex/latex/amsfonts/umsa.fd
File: umsa.fd 2013/01/14 v3.01 AMS symbols A
)
(/usr/local/texlive/2024basic/texmf-dist/tex/latex/microtype/mt-msa.cfg
File: mt-msa.cfg 2006/02/04 v1.1 microtype config. file: AMS symbols (a) (RS)
)
LaTeX Font Info:    Trying to load font information for U+msb on input line 15.


(/usr/local/texlive/2024basic/texmf-dist/tex/latex/amsfonts/umsb.fd
File: umsb.fd 2013/01/14 v3.01 AMS symbols B
)
(/usr/local/texlive/2024basic/texmf-dist/tex/latex/microtype/mt-msb.cfg
File: mt-msb.cfg 2005/06/01 v1.0 microtype config. file: AMS symbols (b) (RS)
)
(/usr/local/texlive/2024basic/texmf-dist/tex/latex/microtype/mt-cmr.cfg
File: mt-cmr.cfg 2013/05/19 v2.2 microtype config. file: Computer Modern Roman 
(RS)
)
LaTeX Font Info:    Font shape `TU/lmtt/bx/n' in size <9> not available
(Font)              Font shape `TU/lmtt/b/n' tried instead on input line 18.


LaTeX Warning: Marginpar on page 7 moved.


Underfull \vbox (badness 2809) has occurred while \output is active []

 [7

]

LaTeX Warning: Marginpar on page 8 moved.


LaTeX Warning: Marginpar on page 8 moved.


LaTeX Warning: Marginpar on page 8 moved.


Class tufte-book Warning: Proper spacing of small-caps letters has not been set
 up.
This message occurred on input line 89.

[8]

LaTeX Warning: Marginpar on page 9 moved.


LaTeX Warning: Marginpar on page 9 moved.


LaTeX Warning: Marginpar on page 9 moved.


LaTeX Warning: Marginpar on page 9 moved.


Class tufte-book Warning: Proper spacing of small-caps letters has not been set
 up.
This message occurred on input line 143.

[9]

LaTeX Warning: Marginpar on page 10 moved.


LaTeX Warning: Marginpar on page 10 moved.


Class tufte-book Warning: Proper spacing of small-caps letters has not been set
 up.
This message occurred on input line 198.

[10]

LaTeX Warning: Marginpar on page 11 moved.


Class tufte-book Warning: Proper spacing of small-caps letters has not been set
 up.
This message occurred on input line 260.

[11]

LaTeX Warning: Marginpar on page 12 moved.


Class tufte-book Warning: Proper spacing of small-caps letters has not been set
 up.
This message occurred on input line 324.

[12]

LaTeX Warning: Marginpar on page 13 moved.


LaTeX Warning: Marginpar on page 13 moved.


Class tufte-book Warning: Proper spacing of small-caps letters has not been set
 up.
This message occurred on input line 376.

[13] (/usr/local/texlive/2024basic/texmf-dist/tex/latex/listings/lstlang1.sty
File: lstlang1.sty 2024/02/21 1.10 listings language file
)
(/usr/local/texlive/2024basic/texmf-dist/tex/latex/listings/lstlang1.sty
File: lstlang1.sty 2024/02/21 1.10 listings language file
)

LaTeX Warning: Marginpar on page 14 moved.


LaTeX Warning: Marginpar on page 14 moved.


Class tufte-book Warning: Proper spacing of small-caps letters has not been set
 up.
This message occurred on input line 425.

[14]

LaTeX Warning: Marginpar on page 15 moved.


LaTeX Warning: Marginpar on page 15 moved.

)

Class tufte-book Warning: Proper spacing of small-caps letters has not been set
 up.
This message occurred on input line 145.

[15] [16

] [17] [18] (./sections/graphs.tex
Chapter 2.

Underfull \hbox (badness 1194) in paragraph at lines 5--5
\TU/EBGaramond(0)/m/n/8 social networks, and transportation sys-
 []


LaTeX Warning: Marginpar on page 19 moved.

[19

]
Package microtype Info: Character `156' is missing
(microtype)             in font `\TU/EBGaramond(0)/m/it/10'.
(microtype)             Ignoring protrusion settings for this character.


Class tufte-book Warning: Proper spacing of small-caps letters has not been set
 up.
This message occurred on input line 122.

[20]

Class tufte-book Warning: Proper spacing of small-caps letters has not been set
 up.
This message occurred on input line 176.

[21]

Class tufte-book Warning: Proper spacing of small-caps letters has not been set
 up.
This message occurred on input line 219.

[22]
No file main.ind.
) (./sections/number_of_islands.tex

LaTeX Warning: Marginpar on page 23 moved.


Class tufte-book Warning: Proper spacing of small-caps letters has not been set
 up.
This message occurred on input line 8.

[23]

LaTeX Warning: Marginpar on page 24 moved.


LaTeX Warning: Marginpar on page 24 moved.


LaTeX Warning: Marginpar on page 24 moved.


LaTeX Warning: Marginpar on page 24 moved.


LaTeX Warning: Marginpar on page 24 moved.


LaTeX Warning: Marginpar on page 24 moved.


LaTeX Warning: Marginpar on page 24 moved.


LaTeX Warning: Marginpar on page 24 moved.


LaTeX Warning: Marginpar on page 24 moved.


LaTeX Warning: Marginpar on page 24 moved.


LaTeX Warning: Marginpar on page 24 moved.


LaTeX Warning: Marginpar on page 24 moved.


LaTeX Warning: Marginpar on page 24 moved.


LaTeX Warning: Marginpar on page 24 moved.


Class tufte-book Warning: Proper spacing of small-caps letters has not been set
 up.
This message occurred on input line 57.

[24]

Class tufte-book Warning: Proper spacing of small-caps letters has not been set
 up.
This message occurred on input line 60.

[25]

LaTeX Warning: Marginpar on page 26 moved.


Underfull \hbox (badness 10000) in paragraph at lines 65--66
\TU/EBGaramond(0)/m/n/10 Below is the complete Python code that uses depth-firs
t search for the
 []


Class tufte-book Warning: Proper spacing of small-caps letters has not been set
 up.
This message occurred on input line 118.

[26]

Class tufte-book Warning: Proper spacing of small-caps letters has not been set
 up.
This message occurred on input line 168.

[27]

Class tufte-book Warning: Proper spacing of small-caps letters has not been set
 up.
This message occurred on input line 204.

[28]

LaTeX Warning: `h' float specifier changed to `ht'.


Class tufte-book Warning: Proper spacing of small-caps letters has not been set
 up.
This message occurred on input line 275.

[29]

Class tufte-book Warning: Proper spacing of small-caps letters has not been set
 up.
This message occurred on input line 311.

[30]

Class tufte-book Warning: Proper spacing of small-caps letters has not been set
 up.
This message occurred on input line 374.

[31]
No file main.ind.
) (./sections/clone_graph.tex
Package hyperref Info: bookmark level for unknown problementry defaults to 0 on
 input line 3.


LaTeX Warning: Marginpar on page 32 moved.


LaTeX Warning: Marginpar on page 32 moved.


LaTeX Warning: Marginpar on page 32 moved.


LaTeX Warning: Marginpar on page 32 moved.


LaTeX Warning: Marginpar on page 32 moved.


LaTeX Warning: Marginpar on page 32 moved.


LaTeX Warning: Marginpar on page 32 moved.


LaTeX Warning: Marginpar on page 32 moved.


LaTeX Warning: Marginpar on page 32 moved.


LaTeX Warning: Marginpar on page 32 moved.


LaTeX Warning: Marginpar on page 32 moved.


LaTeX Warning: Marginpar on page 32 moved.


LaTeX Warning: Marginpar on page 32 moved.


LaTeX Warning: Marginpar on page 32 moved.


Class tufte-book Warning: Proper spacing of small-caps letters has not been set
 up.
This message occurred on input line 40.

[32]

LaTeX Warning: Marginpar on page 33 moved.


Class tufte-book Warning: Proper spacing of small-caps letters has not been set
 up.
This message occurred on input line 76.

[33]

LaTeX Warning: Marginpar on page 34 moved.


Class tufte-book Warning: Proper spacing of small-caps letters has not been set
 up.
This message occurred on input line 139.

[34]

Class tufte-book Warning: Proper spacing of small-caps letters has not been set
 up.
This message occurred on input line 186.

[35]

Class tufte-book Warning: Proper spacing of small-caps letters has not been set
 up.
This message occurred on input line 244.

[36]

Class tufte-book Warning: Proper spacing of small-caps letters has not been set
 up.
This message occurred on input line 288.

[37]
No file main.ind.
) (./sections/pacific_atlantic_water_flow.tex

LaTeX Warning: Marginpar on page 38 moved.


Class tufte-book Warning: Proper spacing of small-caps letters has not been set
 up.
This message occurred on input line 29.

[38]

LaTeX Warning: Marginpar on page 39 moved.


LaTeX Warning: Marginpar on page 39 moved.


LaTeX Warning: Marginpar on page 39 moved.


LaTeX Warning: Marginpar on page 39 moved.


LaTeX Warning: Marginpar on page 39 moved.


LaTeX Warning: Marginpar on page 39 moved.


LaTeX Warning: Marginpar on page 39 moved.


LaTeX Warning: Marginpar on page 39 moved.


LaTeX Warning: Marginpar on page 39 moved.


LaTeX Warning: Marginpar on page 39 moved.


LaTeX Warning: Marginpar on page 39 moved.


LaTeX Warning: Marginpar on page 39 moved.


LaTeX Warning: Marginpar on page 39 moved.


Class tufte-book Warning: Proper spacing of small-caps letters has not been set
 up.
This message occurred on input line 77.

[39]

LaTeX Warning: Marginpar on page 40 moved.


Class tufte-book Warning: Proper spacing of small-caps letters has not been set
 up.
This message occurred on input line 88.

[40]

LaTeX Warning: Marginpar on page 41 moved.


Class tufte-book Warning: Proper spacing of small-caps letters has not been set
 up.
This message occurred on input line 147.

[41]
Underfull \hbox (badness 1102) in paragraph at lines 179--180
[]\TU/EBGaramond(0)/m/n/10 The nested \TU/lmtt/m/n/10 dfs \TU/EBGaramond(0)/m/n
/10 function takes the current cell coordinates \TU/lmtt/m/n/10 x \TU/EBGaramon
d(0)/m/n/10 and \TU/lmtt/m/n/10 y\TU/EBGaramond(0)/m/n/10 , a
 []


Class tufte-book Warning: Proper spacing of small-caps letters has not been set
 up.
This message occurred on input line 192.

[42]

Class tufte-book Warning: Proper spacing of small-caps letters has not been set
 up.
This message occurred on input line 228.

[43]

Class tufte-book Warning: Proper spacing of small-caps letters has not been set
 up.
This message occurred on input line 276.

[44]

LaTeX Warning: `h' float specifier changed to `ht'.

No file main.ind.
) (./sections/graph_valid_tree.tex
Underfull \hbox (badness 6016) in paragraph at lines 5--5
\TU/EBGaramond(0)/m/n/8 This problem utilizes the Union-Find
 []


Class tufte-book Warning: Proper spacing of small-caps letters has not been set
 up.
This message occurred on input line 5.

[45]

LaTeX Warning: Marginpar on page 46 moved.


Class tufte-book Warning: Proper spacing of small-caps letters has not been set
 up.
This message occurred on input line 36.

[46]

LaTeX Warning: Marginpar on page 47 moved.


LaTeX Warning: Marginpar on page 47 moved.


LaTeX Warning: Marginpar on page 47 moved.


LaTeX Warning: Marginpar on page 47 moved.


LaTeX Warning: Marginpar on page 47 moved.


LaTeX Warning: Marginpar on page 47 moved.


LaTeX Warning: Marginpar on page 47 moved.


LaTeX Warning: Marginpar on page 47 moved.


LaTeX Warning: Marginpar on page 47 moved.


LaTeX Warning: Marginpar on page 47 moved.


LaTeX Warning: Marginpar on page 47 moved.


LaTeX Warning: Marginpar on page 47 moved.


LaTeX Warning: Marginpar on page 47 moved.


Underfull \hbox (badness 1043) in paragraph at lines 83--84
[]\TU/EBGaramond(0)/m/n/10 This approach ensures that the graph remains acyclic
 and fully connected,
 []


Underfull \hbox (badness 1264) in paragraph at lines 85--85
\TU/EBGaramond(0)/m/n/8 cles and ensures all nodes are intercon-
 []


LaTeX Warning: Marginpar on page 47 moved.


Class tufte-book Warning: Proper spacing of small-caps letters has not been set
 up.
This message occurred on input line 91.

[47]

Class tufte-book Warning: Proper spacing of small-caps letters has not been set
 up.
This message occurred on input line 95.

[48]
Underfull \hbox (badness 1708) in paragraph at lines 98--98
\TU/EBGaramond(0)/m/n/8 ture allows for efficient cycle detection
 []


LaTeX Warning: Marginpar on page 49 moved.


Class tufte-book Warning: Proper spacing of small-caps letters has not been set
 up.
This message occurred on input line 155.

[49]
LaTeX Font Info:    Font shape `TU/lmtt/bx/n' in size <10> not available
(Font)              Font shape `TU/lmtt/b/n' tried instead on input line 187.


Class tufte-book Warning: Proper spacing of small-caps letters has not been set
 up.
This message occurred on input line 198.

[50]

Class tufte-book Warning: Proper spacing of small-caps letters has not been set
 up.
This message occurred on input line 236.

[51]

Class tufte-book Warning: Proper spacing of small-caps letters has not been set
 up.
This message occurred on input line 282.

[52]
No file main.ind.
) (./sections/course_schedule.tex

LaTeX Warning: Marginpar on page 53 moved.


Class tufte-book Warning: Proper spacing of small-caps letters has not been set
 up.
This message occurred on input line 12.

[53]
Overfull \hbox (333.75pt too wide) in paragraph at lines 33--33
[]\TU/lmtt/m/n/10 Explanation: There are a total of 2 courses to take. To take 
course 1 you should have finished course 0. So it is possible.[] 
 []


Overfull \hbox (638.25pt too wide) in paragraph at lines 40--40
[]\TU/lmtt/m/n/10 Explanation: There are a total of 2 courses to take. To take 
course 1 you should have finished course 0, and to take course 0 you should hav
e finished course 1. So it is impossible.[] 
 []


LaTeX Warning: Marginpar on page 54 moved.


LaTeX Warning: Marginpar on page 54 moved.


LaTeX Warning: Marginpar on page 54 moved.


LaTeX Warning: Marginpar on page 54 moved.


LaTeX Warning: Marginpar on page 54 moved.


LaTeX Warning: Marginpar on page 54 moved.


LaTeX Warning: Marginpar on page 54 moved.


LaTeX Warning: Marginpar on page 54 moved.


LaTeX Warning: Marginpar on page 54 moved.


LaTeX Warning: Marginpar on page 54 moved.


LaTeX Warning: Marginpar on page 54 moved.


LaTeX Warning: Marginpar on page 54 moved.


LaTeX Warning: Marginpar on page 54 moved.


Underfull \hbox (badness 4279) in paragraph at lines 56--56
\TU/EBGaramond(0)/m/n/8 Graph-based approaches like DFS and
 []


Class tufte-book Warning: Proper spacing of small-caps letters has not been set
 up.
This message occurred on input line 56.

[54]

LaTeX Warning: Marginpar on page 55 moved.


Class tufte-book Warning: Proper spacing of small-caps letters has not been set
 up.
This message occurred on input line 65.

[55]

LaTeX Warning: Marginpar on page 56 moved.


Class tufte-book Warning: Proper spacing of small-caps letters has not been set
 up.
This message occurred on input line 125.

[56]

Class tufte-book Warning: Proper spacing of small-caps letters has not been set
 up.
This message occurred on input line 163.

[57]
Underfull \hbox (badness 1248) in paragraph at lines 182--183
\TU/EBGaramond(0)/m/n/10 Aside from the DFS-based cycle detection, another viab
le approach is to use
 []


Class tufte-book Warning: Proper spacing of small-caps letters has not been set
 up.
This message occurred on input line 192.

[58]

Class tufte-book Warning: Proper spacing of small-caps letters has not been set
 up.
This message occurred on input line 243.

[59]
No file main.ind.
) (./sections/alien_dictionary.tex

Class tufte-book Warning: Proper spacing of small-caps letters has not been set
 up.
This message occurred on input line 9.

[60]

Class tufte-book Warning: Proper spacing of small-caps letters has not been set
 up.
This message occurred on input line 51.

[61]
Underfull \vbox (badness 4713) has occurred while \output is active []



Class tufte-book Warning: Proper spacing of small-caps letters has not been set
 up.
This message occurred on input line 95.

[62]) (./sections/word_ladder.tex
Underfull \hbox (badness 10000) in paragraph at lines 5--5
\TU/EBGaramond(0)/m/n/8 This problem leverages Breadth-First
 []


Underfull \hbox (badness 10000) in paragraph at lines 5--5
\TU/EBGaramond(0)/m/n/8 Search (BFS) and graph theory con-
 []


Underfull \hbox (badness 10000) in paragraph at lines 5--5
\TU/EBGaramond(0)/m/n/8 cepts to efficiently find the shortest
 []


Underfull \hbox (badness 10000) in paragraph at lines 5--5
\TU/EBGaramond(0)/m/n/8 transformation sequence between two
 []


LaTeX Warning: Marginpar on page 63 moved.


Class tufte-book Warning: Proper spacing of small-caps letters has not been set
 up.
This message occurred on input line 15.

[63]
Overfull \hbox (239.25pt too wide) in paragraph at lines 40--40
[]\TU/lmtt/m/n/10 Explanation: One shortest transformation is "hit" -> "hot" ->
 "dot" -> "dog" -> "cog", which has 5 words.[] 
 []


Overfull \hbox (113.25pt too wide) in paragraph at lines 53--53
[]\TU/lmtt/m/n/10 Explanation: The endWord "cog" is not in wordList, so no poss
ible transformation.[] 
 []


LaTeX Warning: Marginpar on page 64 moved.


LaTeX Warning: Marginpar on page 64 moved.


LaTeX Warning: Marginpar on page 64 moved.


LaTeX Warning: Marginpar on page 64 moved.


LaTeX Warning: Marginpar on page 64 moved.


LaTeX Warning: Marginpar on page 64 moved.


LaTeX Warning: Marginpar on page 64 moved.


LaTeX Warning: Marginpar on page 64 moved.


LaTeX Warning: Marginpar on page 64 moved.


LaTeX Warning: Marginpar on page 64 moved.


LaTeX Warning: Marginpar on page 64 moved.


LaTeX Warning: Marginpar on page 64 moved.


LaTeX Warning: Marginpar on page 64 moved.


Class tufte-book Warning: Proper spacing of small-caps letters has not been set
 up.
This message occurred on input line 70.

[64]
Underfull \hbox (badness 6300) in paragraph at lines 101--101
\TU/EBGaramond(0)/m/n/8 intermediate states significantly reduce
 []


LaTeX Warning: Marginpar on page 65 moved.


Class tufte-book Warning: Proper spacing of small-caps letters has not been set
 up.
This message occurred on input line 110.

[65]

LaTeX Warning: Marginpar on page 66 moved.


Class tufte-book Warning: Proper spacing of small-caps letters has not been set
 up.
This message occurred on input line 167.

[66]

Class tufte-book Warning: Proper spacing of small-caps letters has not been set
 up.
This message occurred on input line 209.

[67]
Underfull \hbox (badness 10000) in paragraph at lines 223--224
[]\TU/EBGaramond(0)/m/n/10 Clear the list of words for the current intermediate
 state in
 []


Class tufte-book Warning: Proper spacing of small-caps letters has not been set
 up.
This message occurred on input line 242.

[68]

Class tufte-book Warning: Proper spacing of small-caps letters has not been set
 up.
This message occurred on input line 283.

[69]
Underfull \hbox (badness 2735) in paragraph at lines 286--288
[]\TU/EBGaramond(0)/b/n/10 Preprocessing Intermediate States: \TU/EBGaramond(0)
/m/n/10 Efficiently generating and utilizing
 []


Class tufte-book Warning: Proper spacing of small-caps letters has not been set
 up.
This message occurred on input line 331.

[70]
No file main.ind.
) (./sections/word_ladder_ii.tex

LaTeX Warning: Marginpar on page 71 moved.


Class tufte-book Warning: Proper spacing of small-caps letters has not been set
 up.
This message occurred on input line 42.

[71]
Overfull \hbox (113.25pt too wide) in paragraph at lines 54--54
[]\TU/lmtt/m/n/10 Explanation: The endWord "cog" is not in wordList, so no poss
ible transformation.[] 
 []


LaTeX Warning: Marginpar on page 72 moved.


LaTeX Warning: Marginpar on page 72 moved.


LaTeX Warning: Marginpar on page 72 moved.


LaTeX Warning: Marginpar on page 72 moved.


LaTeX Warning: Marginpar on page 72 moved.


LaTeX Warning: Marginpar on page 72 moved.


LaTeX Warning: Marginpar on page 72 moved.


LaTeX Warning: Marginpar on page 72 moved.


LaTeX Warning: Marginpar on page 72 moved.


LaTeX Warning: Marginpar on page 72 moved.


LaTeX Warning: Marginpar on page 72 moved.


LaTeX Warning: Marginpar on page 72 moved.


LaTeX Warning: Marginpar on page 72 moved.


Class tufte-book Warning: Proper spacing of small-caps letters has not been set
 up.
This message occurred on input line 83.

[72]
Underfull \hbox (badness 10000) in paragraph at lines 98--98
\TU/EBGaramond(0)/m/n/8 Combining BFS for level determina-
 []


Underfull \hbox (badness 6300) in paragraph at lines 98--98
\TU/EBGaramond(0)/m/n/8 tion with DFS for path construction
 []


Underfull \hbox (badness 1748) in paragraph at lines 98--98
\TU/EBGaramond(0)/m/n/8 efficiently captures all shortest transfor-
 []


Underfull \hbox (badness 10000) in paragraph at lines 98--98
\TU/EBGaramond(0)/m/n/8 mation sequences without redundant
 []


LaTeX Warning: Marginpar on page 73 moved.


LaTeX Warning: Marginpar on page 73 moved.


Class tufte-book Warning: Proper spacing of small-caps letters has not been set
 up.
This message occurred on input line 135.

[73]

Class tufte-book Warning: Proper spacing of small-caps letters has not been set
 up.
This message occurred on input line 189.

[74]
Underfull \vbox (badness 10000) has occurred while \output is active []



Class tufte-book Warning: Proper spacing of small-caps letters has not been set
 up.
This message occurred on input line 238.

[75]

Class tufte-book Warning: Proper spacing of small-caps letters has not been set
 up.
This message occurred on input line 277.

[76]

Class tufte-book Warning: Proper spacing of small-caps letters has not been set
 up.
This message occurred on input line 320.

[77]
Underfull \hbox (badness 6461) in paragraph at lines 358--359
[]\TU/EBGaramond(0)/b/n/10 Backtracking with Parents Mapping: \TU/EBGaramond(0)
/m/n/10 Maintaining a comprehensive
 []


Class tufte-book Warning: Proper spacing of small-caps letters has not been set
 up.
This message occurred on input line 363.

[78]
No file main.ind.
) (./sections/rotting_oranges.tex

Class tufte-book Warning: Proper spacing of small-caps letters has not been set
 up.
This message occurred on input line 5.

[79]

LaTeX Warning: Marginpar on page 80 moved.


Class tufte-book Warning: Proper spacing of small-caps letters has not been set
 up.
This message occurred on input line 51.

[80]
Overfull \hbox (255.0pt too wide) in paragraph at lines 67--67
[]\TU/lmtt/m/n/10 The orange at position (2,0) cannot be reached by any rotten 
orange, so it is impossible to rot all oranges.[] 
 []


Class tufte-book Warning: Proper spacing of small-caps letters has not been set
 up.
This message occurred on input line 94.

[81]
Overfull \hbox (129.0pt too wide) in paragraph at lines 103--103
[]\TU/lmtt/m/n/10 Explanation: All fresh oranges are adjacent to rotten ones an
d will rot in 1 minute.[] 
 []


LaTe